<?xml version="1.0" encoding="UTF-8"?>
<testsuite name="org.project.integration.CustomerServiceTest" tests="2" skipped="0" failures="0" errors="0" timestamp="2025-03-18T16:38:40" hostname="DESKTOP-BRVIFG0" time="0.941">
  <properties/>
  <testcase name="Task 4 part 1" classname="org.project.integration.CustomerServiceTest" time="0.754"/>
  <testcase name="Task 4 part 2" classname="org.project.integration.CustomerServiceTest" time="0.185"/>
  <system-out><![CDATA[]]></system-out>
  <system-err><![CDATA[]]></system-err>
</testsuite>
