<?xml version="1.0" encoding="UTF-8"?>
<testsuite name="org.project.integration.CustomerServiceTest" tests="1" skipped="0" failures="0" errors="0" timestamp="2025-03-18T18:25:51" hostname="DESKTOP-BRVIFG0" time="0.907">
  <properties/>
  <testcase name="Task 4 part 1" classname="org.project.integration.CustomerServiceTest" time="0.907"/>
  <system-out><![CDATA[WARN  - Trying to find non-existing customer: [kluczb.bart@gmail.com]
]]></system-out>
  <system-err><![CDATA[]]></system-err>
</testsuite>
